###############################################################
#  Generated by:      Cadence Innovus 17.11-s080_1
#  OS:                Linux x86_64(Host ID cad21)
#  Generated on:      Thu May 18 22:50:51 2023
#  Design:            CHIP
#  Command:           verifyGeometry
###############################################################

OVERLAP: Cell IOFILLER_E_107 & Cell IOFILLER_E_106
Bounds : ( 1259.840, 1259.260 ) ( 1399.960, 1259.400 )


OVERLAP: Blockage of Cell IOFILLER_E_106 & Blockage of Cell IOFILLER_E_107  ( metal6 )
Bounds : ( 1260.680, 1259.260 ) ( 1399.960, 1259.400 )


OVERLAP: Blockage of Cell IOFILLER_E_106 & Blockage of Cell IOFILLER_E_107  ( metal5 )
Bounds : ( 1260.680, 1259.260 ) ( 1399.960, 1259.400 )


OVERLAP: Blockage of Cell IOFILLER_E_106 & Blockage of Cell IOFILLER_E_107  ( metal4 )
Bounds : ( 1260.680, 1259.260 ) ( 1399.960, 1259.400 )


OVERLAP: Blockage of Cell IOFILLER_E_106 & Blockage of Cell IOFILLER_E_107  ( metal3 )
Bounds : ( 1260.680, 1259.260 ) ( 1399.960, 1259.400 )


OVERLAP: Blockage of Cell IOFILLER_E_106 & Blockage of Cell IOFILLER_E_107  ( metal2 )
Bounds : ( 1260.680, 1259.260 ) ( 1399.960, 1259.400 )


OVERLAP: Blockage of Cell IOFILLER_E_106 & Blockage of Cell IOFILLER_E_107  ( metal1 )
Bounds : ( 1260.680, 1259.260 ) ( 1399.960, 1259.400 )


OVERLAP: Cell IOFILLER_N_74 & Cell IOFILLER_N_75
Bounds : ( 1168.270, 1259.880 ) ( 1168.460, 1400.000 )


OVERLAP: Blockage of Cell IOFILLER_N_75 & Blockage of Cell IOFILLER_N_74  ( metal6 )
Bounds : ( 1168.270, 1260.720 ) ( 1168.460, 1400.000 )


OVERLAP: Blockage of Cell IOFILLER_N_75 & Blockage of Cell IOFILLER_N_74  ( metal5 )
Bounds : ( 1168.270, 1260.720 ) ( 1168.460, 1400.000 )


OVERLAP: Blockage of Cell IOFILLER_N_75 & Blockage of Cell IOFILLER_N_74  ( metal4 )
Bounds : ( 1168.270, 1260.720 ) ( 1168.460, 1400.000 )


OVERLAP: Blockage of Cell IOFILLER_N_75 & Blockage of Cell IOFILLER_N_74  ( metal3 )
Bounds : ( 1168.270, 1260.720 ) ( 1168.460, 1400.000 )


OVERLAP: Blockage of Cell IOFILLER_N_75 & Blockage of Cell IOFILLER_N_74  ( metal2 )
Bounds : ( 1168.270, 1260.720 ) ( 1168.460, 1400.000 )


OVERLAP: Blockage of Cell IOFILLER_N_75 & Blockage of Cell IOFILLER_N_74  ( metal1 )
Bounds : ( 1168.270, 1260.720 ) ( 1168.460, 1400.000 )


OVERLAP: Cell IOFILLER_N_76 & Cell IOFILLER_N_77
Bounds : ( 1259.220, 1259.880 ) ( 1259.410, 1400.000 )


OVERLAP: Blockage of Cell IOFILLER_N_77 & Blockage of Cell IOFILLER_N_76  ( metal6 )
Bounds : ( 1259.220, 1260.720 ) ( 1259.410, 1400.000 )


OVERLAP: Blockage of Cell IOFILLER_N_77 & Blockage of Cell IOFILLER_N_76  ( metal5 )
Bounds : ( 1259.220, 1260.720 ) ( 1259.410, 1400.000 )


OVERLAP: Blockage of Cell IOFILLER_N_77 & Blockage of Cell IOFILLER_N_76  ( metal4 )
Bounds : ( 1259.220, 1260.720 ) ( 1259.410, 1400.000 )


OVERLAP: Blockage of Cell IOFILLER_N_77 & Blockage of Cell IOFILLER_N_76  ( metal3 )
Bounds : ( 1259.220, 1260.720 ) ( 1259.410, 1400.000 )


OVERLAP: Blockage of Cell IOFILLER_N_77 & Blockage of Cell IOFILLER_N_76  ( metal2 )
Bounds : ( 1259.220, 1260.720 ) ( 1259.410, 1400.000 )


OVERLAP: Blockage of Cell IOFILLER_N_77 & Blockage of Cell IOFILLER_N_76  ( metal1 )
Bounds : ( 1259.220, 1260.720 ) ( 1259.410, 1400.000 )


OVERLAP: Cell IOFILLER_N_72 & Cell IOFILLER_N_73
Bounds : ( 1077.320, 1259.880 ) ( 1077.510, 1400.000 )


OVERLAP: Blockage of Cell IOFILLER_N_73 & Blockage of Cell IOFILLER_N_72  ( metal6 )
Bounds : ( 1077.320, 1260.720 ) ( 1077.510, 1400.000 )


OVERLAP: Blockage of Cell IOFILLER_N_73 & Blockage of Cell IOFILLER_N_72  ( metal5 )
Bounds : ( 1077.320, 1260.720 ) ( 1077.510, 1400.000 )


OVERLAP: Blockage of Cell IOFILLER_N_73 & Blockage of Cell IOFILLER_N_72  ( metal4 )
Bounds : ( 1077.320, 1260.720 ) ( 1077.510, 1400.000 )


OVERLAP: Blockage of Cell IOFILLER_N_73 & Blockage of Cell IOFILLER_N_72  ( metal3 )
Bounds : ( 1077.320, 1260.720 ) ( 1077.510, 1400.000 )


OVERLAP: Blockage of Cell IOFILLER_N_73 & Blockage of Cell IOFILLER_N_72  ( metal2 )
Bounds : ( 1077.320, 1260.720 ) ( 1077.510, 1400.000 )


OVERLAP: Blockage of Cell IOFILLER_N_73 & Blockage of Cell IOFILLER_N_72  ( metal1 )
Bounds : ( 1077.320, 1260.720 ) ( 1077.510, 1400.000 )


OVERLAP: Blockage of Cell IOFILLER_N_71 & Blockage of Cell IOFILLER_N_70  ( metal5 )
Bounds : ( 986.370, 1260.720 ) ( 986.560, 1400.000 )


OVERLAP: Cell IOFILLER_N_68 & Cell IOFILLER_N_69
Bounds : ( 895.420, 1259.880 ) ( 895.610, 1400.000 )


OVERLAP: Blockage of Cell IOFILLER_N_69 & Blockage of Cell IOFILLER_N_68  ( metal6 )
Bounds : ( 895.420, 1260.720 ) ( 895.610, 1400.000 )


OVERLAP: Blockage of Cell IOFILLER_N_69 & Blockage of Cell IOFILLER_N_68  ( metal5 )
Bounds : ( 895.420, 1260.720 ) ( 895.610, 1400.000 )


OVERLAP: Blockage of Cell IOFILLER_N_69 & Blockage of Cell IOFILLER_N_68  ( metal4 )
Bounds : ( 895.420, 1260.720 ) ( 895.610, 1400.000 )


OVERLAP: Blockage of Cell IOFILLER_N_69 & Blockage of Cell IOFILLER_N_68  ( metal3 )
Bounds : ( 895.420, 1260.720 ) ( 895.610, 1400.000 )


OVERLAP: Blockage of Cell IOFILLER_N_69 & Blockage of Cell IOFILLER_N_68  ( metal2 )
Bounds : ( 895.420, 1260.720 ) ( 895.610, 1400.000 )


OVERLAP: Blockage of Cell IOFILLER_N_69 & Blockage of Cell IOFILLER_N_68  ( metal1 )
Bounds : ( 895.420, 1260.720 ) ( 895.610, 1400.000 )


OVERLAP: Cell IOFILLER_N_70 & Cell IOFILLER_N_71
Bounds : ( 986.370, 1259.880 ) ( 986.560, 1400.000 )


OVERLAP: Blockage of Cell IOFILLER_N_71 & Blockage of Cell IOFILLER_N_70  ( metal6 )
Bounds : ( 986.370, 1260.720 ) ( 986.560, 1400.000 )


OVERLAP: Blockage of Cell IOFILLER_N_71 & Blockage of Cell IOFILLER_N_70  ( metal4 )
Bounds : ( 986.370, 1260.720 ) ( 986.560, 1400.000 )


OVERLAP: Blockage of Cell IOFILLER_N_71 & Blockage of Cell IOFILLER_N_70  ( metal3 )
Bounds : ( 986.370, 1260.720 ) ( 986.560, 1400.000 )


OVERLAP: Blockage of Cell IOFILLER_N_71 & Blockage of Cell IOFILLER_N_70  ( metal2 )
Bounds : ( 986.370, 1260.720 ) ( 986.560, 1400.000 )


OVERLAP: Blockage of Cell IOFILLER_N_71 & Blockage of Cell IOFILLER_N_70  ( metal1 )
Bounds : ( 986.370, 1260.720 ) ( 986.560, 1400.000 )


OVERLAP: Cell IOFILLER_N_64 & Cell IOFILLER_N_65
Bounds : ( 713.520, 1259.880 ) ( 713.720, 1400.000 )


OVERLAP: Blockage of Cell IOFILLER_N_65 & Blockage of Cell IOFILLER_N_64  ( metal6 )
Bounds : ( 713.520, 1260.720 ) ( 713.720, 1400.000 )


OVERLAP: Blockage of Cell IOFILLER_N_65 & Blockage of Cell IOFILLER_N_64  ( metal5 )
Bounds : ( 713.520, 1260.720 ) ( 713.720, 1400.000 )


OVERLAP: Blockage of Cell IOFILLER_N_65 & Blockage of Cell IOFILLER_N_64  ( metal4 )
Bounds : ( 713.520, 1260.720 ) ( 713.720, 1400.000 )


OVERLAP: Blockage of Cell IOFILLER_N_65 & Blockage of Cell IOFILLER_N_64  ( metal3 )
Bounds : ( 713.520, 1260.720 ) ( 713.720, 1400.000 )


OVERLAP: Blockage of Cell IOFILLER_N_65 & Blockage of Cell IOFILLER_N_64  ( metal2 )
Bounds : ( 713.520, 1260.720 ) ( 713.720, 1400.000 )


OVERLAP: Blockage of Cell IOFILLER_N_65 & Blockage of Cell IOFILLER_N_64  ( metal1 )
Bounds : ( 713.520, 1260.720 ) ( 713.720, 1400.000 )


OVERLAP: Cell IOFILLER_N_66 & Cell IOFILLER_N_67
Bounds : ( 804.470, 1259.880 ) ( 804.660, 1400.000 )


OVERLAP: Blockage of Cell IOFILLER_N_67 & Blockage of Cell IOFILLER_N_66  ( metal6 )
Bounds : ( 804.470, 1260.720 ) ( 804.660, 1400.000 )


OVERLAP: Blockage of Cell IOFILLER_N_67 & Blockage of Cell IOFILLER_N_66  ( metal5 )
Bounds : ( 804.470, 1260.720 ) ( 804.660, 1400.000 )


OVERLAP: Blockage of Cell IOFILLER_N_67 & Blockage of Cell IOFILLER_N_66  ( metal4 )
Bounds : ( 804.470, 1260.720 ) ( 804.660, 1400.000 )


OVERLAP: Blockage of Cell IOFILLER_N_67 & Blockage of Cell IOFILLER_N_66  ( metal3 )
Bounds : ( 804.470, 1260.720 ) ( 804.660, 1400.000 )


OVERLAP: Blockage of Cell IOFILLER_N_67 & Blockage of Cell IOFILLER_N_66  ( metal2 )
Bounds : ( 804.470, 1260.720 ) ( 804.660, 1400.000 )


OVERLAP: Blockage of Cell IOFILLER_N_67 & Blockage of Cell IOFILLER_N_66  ( metal1 )
Bounds : ( 804.470, 1260.720 ) ( 804.660, 1400.000 )


OVERLAP: Cell IOFILLER_E_104 & Cell IOFILLER_E_105
Bounds : ( 1259.840, 963.660 ) ( 1399.960, 963.810 )


OVERLAP: Blockage of Cell IOFILLER_E_105 & Blockage of Cell IOFILLER_E_104  ( metal6 )
Bounds : ( 1260.680, 963.660 ) ( 1399.960, 963.810 )


OVERLAP: Blockage of Cell IOFILLER_E_105 & Blockage of Cell IOFILLER_E_104  ( metal5 )
Bounds : ( 1260.680, 963.660 ) ( 1399.960, 963.810 )


OVERLAP: Blockage of Cell IOFILLER_E_105 & Blockage of Cell IOFILLER_E_104  ( metal4 )
Bounds : ( 1260.680, 963.660 ) ( 1399.960, 963.810 )


OVERLAP: Blockage of Cell IOFILLER_E_105 & Blockage of Cell IOFILLER_E_104  ( metal3 )
Bounds : ( 1260.680, 963.660 ) ( 1399.960, 963.810 )


OVERLAP: Blockage of Cell IOFILLER_E_105 & Blockage of Cell IOFILLER_E_104  ( metal2 )
Bounds : ( 1260.680, 963.660 ) ( 1399.960, 963.810 )


OVERLAP: Blockage of Cell IOFILLER_E_105 & Blockage of Cell IOFILLER_E_104  ( metal1 )
Bounds : ( 1260.680, 963.660 ) ( 1399.960, 963.810 )


OVERLAP: Blockage of Cell IOFILLER_N_59 & Blockage of Cell IOFILLER_N_58  ( metal4 )
Bounds : ( 440.680, 1260.720 ) ( 440.870, 1400.000 )


OVERLAP: Blockage of Cell IOFILLER_N_59 & Blockage of Cell IOFILLER_N_58  ( metal6 )
Bounds : ( 440.680, 1260.720 ) ( 440.870, 1400.000 )


OVERLAP: Cell IOFILLER_N_58 & Cell IOFILLER_N_59
Bounds : ( 440.680, 1259.880 ) ( 440.870, 1400.000 )


OVERLAP: Blockage of Cell IOFILLER_N_62 & Blockage of Cell IOFILLER_N_63  ( metal1 )
Bounds : ( 622.580, 1260.720 ) ( 622.770, 1400.000 )


OVERLAP: Blockage of Cell IOFILLER_N_62 & Blockage of Cell IOFILLER_N_63  ( metal2 )
Bounds : ( 622.580, 1260.720 ) ( 622.770, 1400.000 )


OVERLAP: Blockage of Cell IOFILLER_N_62 & Blockage of Cell IOFILLER_N_63  ( metal3 )
Bounds : ( 622.580, 1260.720 ) ( 622.770, 1400.000 )


OVERLAP: Blockage of Cell IOFILLER_N_62 & Blockage of Cell IOFILLER_N_63  ( metal4 )
Bounds : ( 622.580, 1260.720 ) ( 622.770, 1400.000 )


OVERLAP: Blockage of Cell IOFILLER_N_62 & Blockage of Cell IOFILLER_N_63  ( metal5 )
Bounds : ( 622.580, 1260.720 ) ( 622.770, 1400.000 )


OVERLAP: Blockage of Cell IOFILLER_N_62 & Blockage of Cell IOFILLER_N_63  ( metal6 )
Bounds : ( 622.580, 1260.720 ) ( 622.770, 1400.000 )


OVERLAP: Cell IOFILLER_N_63 & Cell IOFILLER_N_62
Bounds : ( 622.580, 1259.880 ) ( 622.770, 1400.000 )


OVERLAP: Blockage of Cell IOFILLER_N_59 & Blockage of Cell IOFILLER_N_58  ( metal5 )
Bounds : ( 440.680, 1260.720 ) ( 440.870, 1400.000 )


OVERLAP: Blockage of Cell IOFILLER_N_59 & Blockage of Cell IOFILLER_N_58  ( metal3 )
Bounds : ( 440.680, 1260.720 ) ( 440.870, 1400.000 )


OVERLAP: Blockage of Cell IOFILLER_N_59 & Blockage of Cell IOFILLER_N_58  ( metal2 )
Bounds : ( 440.680, 1260.720 ) ( 440.870, 1400.000 )


OVERLAP: Blockage of Cell IOFILLER_N_59 & Blockage of Cell IOFILLER_N_58  ( metal1 )
Bounds : ( 440.680, 1260.720 ) ( 440.870, 1400.000 )


OVERLAP: Cell IOFILLER_N_60 & Cell IOFILLER_N_61
Bounds : ( 531.630, 1259.880 ) ( 531.820, 1400.000 )


OVERLAP: Blockage of Cell IOFILLER_N_61 & Blockage of Cell IOFILLER_N_60  ( metal6 )
Bounds : ( 531.630, 1260.720 ) ( 531.820, 1400.000 )


OVERLAP: Blockage of Cell IOFILLER_N_61 & Blockage of Cell IOFILLER_N_60  ( metal5 )
Bounds : ( 531.630, 1260.720 ) ( 531.820, 1400.000 )


OVERLAP: Blockage of Cell IOFILLER_N_61 & Blockage of Cell IOFILLER_N_60  ( metal4 )
Bounds : ( 531.630, 1260.720 ) ( 531.820, 1400.000 )


OVERLAP: Blockage of Cell IOFILLER_N_61 & Blockage of Cell IOFILLER_N_60  ( metal3 )
Bounds : ( 531.630, 1260.720 ) ( 531.820, 1400.000 )


OVERLAP: Blockage of Cell IOFILLER_N_61 & Blockage of Cell IOFILLER_N_60  ( metal2 )
Bounds : ( 531.630, 1260.720 ) ( 531.820, 1400.000 )


OVERLAP: Blockage of Cell IOFILLER_N_61 & Blockage of Cell IOFILLER_N_60  ( metal1 )
Bounds : ( 531.630, 1260.720 ) ( 531.820, 1400.000 )


OVERLAP: Blockage of Cell IOFILLER_N_52 & Blockage of Cell IOFILLER_N_53  ( metal6 )
Bounds : ( 167.830, 1260.720 ) ( 168.020, 1400.000 )


OVERLAP: Cell IOFILLER_N_53 & Cell IOFILLER_N_52
Bounds : ( 167.830, 1259.880 ) ( 168.020, 1400.000 )


OVERLAP: Blockage of Cell IOFILLER_N_54 & Blockage of Cell IOFILLER_N_55  ( metal1 )
Bounds : ( 258.780, 1260.720 ) ( 258.970, 1400.000 )


OVERLAP: Blockage of Cell IOFILLER_N_54 & Blockage of Cell IOFILLER_N_55  ( metal2 )
Bounds : ( 258.780, 1260.720 ) ( 258.970, 1400.000 )


OVERLAP: Blockage of Cell IOFILLER_N_54 & Blockage of Cell IOFILLER_N_55  ( metal3 )
Bounds : ( 258.780, 1260.720 ) ( 258.970, 1400.000 )


OVERLAP: Blockage of Cell IOFILLER_N_54 & Blockage of Cell IOFILLER_N_55  ( metal4 )
Bounds : ( 258.780, 1260.720 ) ( 258.970, 1400.000 )


OVERLAP: Blockage of Cell IOFILLER_N_54 & Blockage of Cell IOFILLER_N_55  ( metal5 )
Bounds : ( 258.780, 1260.720 ) ( 258.970, 1400.000 )


OVERLAP: Blockage of Cell IOFILLER_N_54 & Blockage of Cell IOFILLER_N_55  ( metal6 )
Bounds : ( 258.780, 1260.720 ) ( 258.970, 1400.000 )


OVERLAP: Cell IOFILLER_N_55 & Cell IOFILLER_N_54
Bounds : ( 258.780, 1259.880 ) ( 258.970, 1400.000 )


OVERLAP: Cell IOFILLER_W_68 & Cell IOFILLER_W_69
Bounds : ( 0.000, 1259.260 ) ( 140.120, 1259.740 )


OVERLAP: Blockage of Cell IOFILLER_W_69 & Blockage of Cell IOFILLER_W_68  ( metal6 )
Bounds : ( 0.000, 1259.260 ) ( 139.280, 1259.740 )


OVERLAP: Blockage of Cell IOFILLER_W_69 & Blockage of Cell IOFILLER_W_68  ( metal5 )
Bounds : ( 0.000, 1259.260 ) ( 139.280, 1259.740 )


OVERLAP: Blockage of Cell IOFILLER_W_69 & Blockage of Cell IOFILLER_W_68  ( metal4 )
Bounds : ( 0.000, 1259.260 ) ( 139.280, 1259.740 )


OVERLAP: Blockage of Cell IOFILLER_W_69 & Blockage of Cell IOFILLER_W_68  ( metal3 )
Bounds : ( 0.000, 1259.260 ) ( 139.280, 1259.740 )


OVERLAP: Blockage of Cell IOFILLER_W_69 & Blockage of Cell IOFILLER_W_68  ( metal2 )
Bounds : ( 0.000, 1259.260 ) ( 139.280, 1259.740 )


OVERLAP: Blockage of Cell IOFILLER_W_69 & Blockage of Cell IOFILLER_W_68  ( metal1 )
Bounds : ( 0.000, 1259.260 ) ( 139.280, 1259.740 )


OVERLAP: Cell IOFILLER_N_56 & Cell IOFILLER_N_57
Bounds : ( 349.730, 1259.880 ) ( 349.920, 1400.000 )


OVERLAP: Blockage of Cell IOFILLER_N_57 & Blockage of Cell IOFILLER_N_56  ( metal6 )
Bounds : ( 349.730, 1260.720 ) ( 349.920, 1400.000 )


OVERLAP: Blockage of Cell IOFILLER_N_57 & Blockage of Cell IOFILLER_N_56  ( metal5 )
Bounds : ( 349.730, 1260.720 ) ( 349.920, 1400.000 )


OVERLAP: Blockage of Cell IOFILLER_N_57 & Blockage of Cell IOFILLER_N_56  ( metal4 )
Bounds : ( 349.730, 1260.720 ) ( 349.920, 1400.000 )


OVERLAP: Blockage of Cell IOFILLER_N_57 & Blockage of Cell IOFILLER_N_56  ( metal3 )
Bounds : ( 349.730, 1260.720 ) ( 349.920, 1400.000 )


OVERLAP: Blockage of Cell IOFILLER_N_57 & Blockage of Cell IOFILLER_N_56  ( metal2 )
Bounds : ( 349.730, 1260.720 ) ( 349.920, 1400.000 )


OVERLAP: Blockage of Cell IOFILLER_N_57 & Blockage of Cell IOFILLER_N_56  ( metal1 )
Bounds : ( 349.730, 1260.720 ) ( 349.920, 1400.000 )


OVERLAP: Blockage of Cell IOFILLER_N_52 & Blockage of Cell IOFILLER_N_53  ( metal5 )
Bounds : ( 167.830, 1260.720 ) ( 168.020, 1400.000 )


OVERLAP: Blockage of Cell IOFILLER_N_52 & Blockage of Cell IOFILLER_N_53  ( metal4 )
Bounds : ( 167.830, 1260.720 ) ( 168.020, 1400.000 )


OVERLAP: Blockage of Cell IOFILLER_N_52 & Blockage of Cell IOFILLER_N_53  ( metal3 )
Bounds : ( 167.830, 1260.720 ) ( 168.020, 1400.000 )


OVERLAP: Blockage of Cell IOFILLER_N_52 & Blockage of Cell IOFILLER_N_53  ( metal2 )
Bounds : ( 167.830, 1260.720 ) ( 168.020, 1400.000 )


OVERLAP: Blockage of Cell IOFILLER_N_52 & Blockage of Cell IOFILLER_N_53  ( metal1 )
Bounds : ( 167.830, 1260.720 ) ( 168.020, 1400.000 )


OVERLAP: Cell IOFILLER_W_66 & Cell IOFILLER_W_67
Bounds : ( 0.000, 1174.800 ) ( 140.120, 1175.280 )


OVERLAP: Blockage of Cell IOFILLER_W_67 & Blockage of Cell IOFILLER_W_66  ( metal6 )
Bounds : ( 0.000, 1174.800 ) ( 139.280, 1175.280 )


OVERLAP: Blockage of Cell IOFILLER_W_67 & Blockage of Cell IOFILLER_W_66  ( metal5 )
Bounds : ( 0.000, 1174.800 ) ( 139.280, 1175.280 )


OVERLAP: Blockage of Cell IOFILLER_W_67 & Blockage of Cell IOFILLER_W_66  ( metal4 )
Bounds : ( 0.000, 1174.800 ) ( 139.280, 1175.280 )


OVERLAP: Blockage of Cell IOFILLER_W_67 & Blockage of Cell IOFILLER_W_66  ( metal3 )
Bounds : ( 0.000, 1174.800 ) ( 139.280, 1175.280 )


OVERLAP: Blockage of Cell IOFILLER_W_67 & Blockage of Cell IOFILLER_W_66  ( metal2 )
Bounds : ( 0.000, 1174.800 ) ( 139.280, 1175.280 )


OVERLAP: Blockage of Cell IOFILLER_W_67 & Blockage of Cell IOFILLER_W_66  ( metal1 )
Bounds : ( 0.000, 1174.800 ) ( 139.280, 1175.280 )


OVERLAP: Cell IOFILLER_W_64 & Cell IOFILLER_W_65
Bounds : ( 0.000, 1090.340 ) ( 140.120, 1090.820 )


OVERLAP: Blockage of Cell IOFILLER_W_65 & Blockage of Cell IOFILLER_W_64  ( metal6 )
Bounds : ( 0.000, 1090.340 ) ( 139.280, 1090.820 )


OVERLAP: Blockage of Cell IOFILLER_W_65 & Blockage of Cell IOFILLER_W_64  ( metal5 )
Bounds : ( 0.000, 1090.340 ) ( 139.280, 1090.820 )


OVERLAP: Blockage of Cell IOFILLER_W_65 & Blockage of Cell IOFILLER_W_64  ( metal4 )
Bounds : ( 0.000, 1090.340 ) ( 139.280, 1090.820 )


OVERLAP: Blockage of Cell IOFILLER_W_65 & Blockage of Cell IOFILLER_W_64  ( metal3 )
Bounds : ( 0.000, 1090.340 ) ( 139.280, 1090.820 )


OVERLAP: Blockage of Cell IOFILLER_W_65 & Blockage of Cell IOFILLER_W_64  ( metal2 )
Bounds : ( 0.000, 1090.340 ) ( 139.280, 1090.820 )


OVERLAP: Blockage of Cell IOFILLER_W_65 & Blockage of Cell IOFILLER_W_64  ( metal1 )
Bounds : ( 0.000, 1090.340 ) ( 139.280, 1090.820 )


OVERLAP: Cell IOFILLER_W_58 & Cell IOFILLER_W_59
Bounds : ( 0.000, 836.970 ) ( 140.120, 837.460 )


OVERLAP: Blockage of Cell IOFILLER_W_59 & Blockage of Cell IOFILLER_W_58  ( metal6 )
Bounds : ( 0.000, 836.970 ) ( 139.280, 837.460 )


OVERLAP: Blockage of Cell IOFILLER_W_59 & Blockage of Cell IOFILLER_W_58  ( metal5 )
Bounds : ( 0.000, 836.970 ) ( 139.280, 837.460 )


OVERLAP: Blockage of Cell IOFILLER_W_59 & Blockage of Cell IOFILLER_W_58  ( metal4 )
Bounds : ( 0.000, 836.970 ) ( 139.280, 837.460 )


OVERLAP: Blockage of Cell IOFILLER_W_59 & Blockage of Cell IOFILLER_W_58  ( metal3 )
Bounds : ( 0.000, 836.970 ) ( 139.280, 837.460 )


OVERLAP: Blockage of Cell IOFILLER_W_59 & Blockage of Cell IOFILLER_W_58  ( metal2 )
Bounds : ( 0.000, 836.970 ) ( 139.280, 837.460 )


OVERLAP: Blockage of Cell IOFILLER_W_59 & Blockage of Cell IOFILLER_W_58  ( metal1 )
Bounds : ( 0.000, 836.970 ) ( 139.280, 837.460 )


OVERLAP: Cell IOFILLER_W_60 & Cell IOFILLER_W_61
Bounds : ( 0.000, 921.420 ) ( 140.120, 921.910 )


OVERLAP: Blockage of Cell IOFILLER_W_61 & Blockage of Cell IOFILLER_W_60  ( metal6 )
Bounds : ( 0.000, 921.420 ) ( 139.280, 921.910 )


OVERLAP: Blockage of Cell IOFILLER_W_61 & Blockage of Cell IOFILLER_W_60  ( metal5 )
Bounds : ( 0.000, 921.420 ) ( 139.280, 921.910 )


OVERLAP: Blockage of Cell IOFILLER_W_61 & Blockage of Cell IOFILLER_W_60  ( metal4 )
Bounds : ( 0.000, 921.420 ) ( 139.280, 921.910 )


OVERLAP: Blockage of Cell IOFILLER_W_61 & Blockage of Cell IOFILLER_W_60  ( metal3 )
Bounds : ( 0.000, 921.420 ) ( 139.280, 921.910 )


OVERLAP: Blockage of Cell IOFILLER_W_61 & Blockage of Cell IOFILLER_W_60  ( metal2 )
Bounds : ( 0.000, 921.420 ) ( 139.280, 921.910 )


OVERLAP: Blockage of Cell IOFILLER_W_61 & Blockage of Cell IOFILLER_W_60  ( metal1 )
Bounds : ( 0.000, 921.420 ) ( 139.280, 921.910 )


OVERLAP: Cell IOFILLER_W_62 & Cell IOFILLER_W_63
Bounds : ( 0.000, 1005.880 ) ( 140.120, 1006.360 )


OVERLAP: Blockage of Cell IOFILLER_W_63 & Blockage of Cell IOFILLER_W_62  ( metal6 )
Bounds : ( 0.000, 1005.880 ) ( 139.280, 1006.360 )


OVERLAP: Blockage of Cell IOFILLER_W_63 & Blockage of Cell IOFILLER_W_62  ( metal5 )
Bounds : ( 0.000, 1005.880 ) ( 139.280, 1006.360 )


OVERLAP: Blockage of Cell IOFILLER_W_63 & Blockage of Cell IOFILLER_W_62  ( metal4 )
Bounds : ( 0.000, 1005.880 ) ( 139.280, 1006.360 )


OVERLAP: Blockage of Cell IOFILLER_W_63 & Blockage of Cell IOFILLER_W_62  ( metal3 )
Bounds : ( 0.000, 1005.880 ) ( 139.280, 1006.360 )


OVERLAP: Blockage of Cell IOFILLER_W_63 & Blockage of Cell IOFILLER_W_62  ( metal2 )
Bounds : ( 0.000, 1005.880 ) ( 139.280, 1006.360 )


OVERLAP: Blockage of Cell IOFILLER_W_63 & Blockage of Cell IOFILLER_W_62  ( metal1 )
Bounds : ( 0.000, 1005.880 ) ( 139.280, 1006.360 )


OVERLAP: Cell IOFILLER_W_56 & Cell IOFILLER_W_57
Bounds : ( 0.000, 752.520 ) ( 140.120, 753.010 )


OVERLAP: Blockage of Cell IOFILLER_W_57 & Blockage of Cell IOFILLER_W_56  ( metal6 )
Bounds : ( 0.000, 752.520 ) ( 139.280, 753.010 )


OVERLAP: Blockage of Cell IOFILLER_W_57 & Blockage of Cell IOFILLER_W_56  ( metal5 )
Bounds : ( 0.000, 752.520 ) ( 139.280, 753.010 )


OVERLAP: Blockage of Cell IOFILLER_W_57 & Blockage of Cell IOFILLER_W_56  ( metal4 )
Bounds : ( 0.000, 752.520 ) ( 139.280, 753.010 )


OVERLAP: Blockage of Cell IOFILLER_W_57 & Blockage of Cell IOFILLER_W_56  ( metal3 )
Bounds : ( 0.000, 752.520 ) ( 139.280, 753.010 )


OVERLAP: Blockage of Cell IOFILLER_W_57 & Blockage of Cell IOFILLER_W_56  ( metal2 )
Bounds : ( 0.000, 752.520 ) ( 139.280, 753.010 )


OVERLAP: Blockage of Cell IOFILLER_W_57 & Blockage of Cell IOFILLER_W_56  ( metal1 )
Bounds : ( 0.000, 752.520 ) ( 139.280, 753.010 )


OVERLAP: Blockage of Cell IOFILLER_E_101 & Blockage of Cell IOFILLER_E_100  ( metal1 )
Bounds : ( 1260.680, 372.480 ) ( 1399.960, 372.620 )


OVERLAP: Blockage of Cell IOFILLER_E_101 & Blockage of Cell IOFILLER_E_100  ( metal2 )
Bounds : ( 1260.680, 372.480 ) ( 1399.960, 372.620 )


OVERLAP: Blockage of Cell IOFILLER_E_101 & Blockage of Cell IOFILLER_E_100  ( metal3 )
Bounds : ( 1260.680, 372.480 ) ( 1399.960, 372.620 )


OVERLAP: Blockage of Cell IOFILLER_E_101 & Blockage of Cell IOFILLER_E_100  ( metal4 )
Bounds : ( 1260.680, 372.480 ) ( 1399.960, 372.620 )


OVERLAP: Blockage of Cell IOFILLER_E_101 & Blockage of Cell IOFILLER_E_100  ( metal5 )
Bounds : ( 1260.680, 372.480 ) ( 1399.960, 372.620 )


OVERLAP: Blockage of Cell IOFILLER_E_101 & Blockage of Cell IOFILLER_E_100  ( metal6 )
Bounds : ( 1260.680, 372.480 ) ( 1399.960, 372.620 )


OVERLAP: Cell IOFILLER_E_100 & Cell IOFILLER_E_101
Bounds : ( 1259.840, 372.480 ) ( 1399.960, 372.620 )


OVERLAP: Blockage of Cell IOFILLER_E_103 & Blockage of Cell IOFILLER_E_102  ( metal1 )
Bounds : ( 1260.680, 668.070 ) ( 1399.960, 668.220 )


OVERLAP: Blockage of Cell IOFILLER_E_103 & Blockage of Cell IOFILLER_E_102  ( metal2 )
Bounds : ( 1260.680, 668.070 ) ( 1399.960, 668.220 )


OVERLAP: Blockage of Cell IOFILLER_E_103 & Blockage of Cell IOFILLER_E_102  ( metal3 )
Bounds : ( 1260.680, 668.070 ) ( 1399.960, 668.220 )


OVERLAP: Blockage of Cell IOFILLER_E_103 & Blockage of Cell IOFILLER_E_102  ( metal4 )
Bounds : ( 1260.680, 668.070 ) ( 1399.960, 668.220 )


OVERLAP: Blockage of Cell IOFILLER_E_103 & Blockage of Cell IOFILLER_E_102  ( metal5 )
Bounds : ( 1260.680, 668.070 ) ( 1399.960, 668.220 )


OVERLAP: Blockage of Cell IOFILLER_E_103 & Blockage of Cell IOFILLER_E_102  ( metal6 )
Bounds : ( 1260.680, 668.070 ) ( 1399.960, 668.220 )


OVERLAP: Cell IOFILLER_E_102 & Cell IOFILLER_E_103
Bounds : ( 1259.840, 668.070 ) ( 1399.960, 668.220 )


OVERLAP: Cell IOFILLER_S_53 & Cell IOFILLER_S_64
Bounds : ( 1151.730, 0.000 ) ( 1152.120, 140.120 )


OVERLAP: Cell IOFILLER_S_54 & Cell IOFILLER_S_65
Bounds : ( 1259.220, 0.000 ) ( 1259.610, 140.120 )


OVERLAP: Blockage of Cell IOFILLER_S_64 & Blockage of Cell IOFILLER_S_53  ( metal6 )
Bounds : ( 1151.730, 0.000 ) ( 1152.120, 139.280 )


OVERLAP: Blockage of Cell IOFILLER_S_64 & Blockage of Cell IOFILLER_S_53  ( metal5 )
Bounds : ( 1151.730, 0.000 ) ( 1152.120, 139.280 )


OVERLAP: Blockage of Cell IOFILLER_S_64 & Blockage of Cell IOFILLER_S_53  ( metal4 )
Bounds : ( 1151.730, 0.000 ) ( 1152.120, 139.280 )


OVERLAP: Blockage of Cell IOFILLER_S_64 & Blockage of Cell IOFILLER_S_53  ( metal3 )
Bounds : ( 1151.730, 0.000 ) ( 1152.120, 139.280 )


OVERLAP: Blockage of Cell IOFILLER_S_64 & Blockage of Cell IOFILLER_S_53  ( metal2 )
Bounds : ( 1151.730, 0.000 ) ( 1152.120, 139.280 )


OVERLAP: Blockage of Cell IOFILLER_S_64 & Blockage of Cell IOFILLER_S_53  ( metal1 )
Bounds : ( 1151.730, 0.000 ) ( 1152.120, 139.280 )


OVERLAP: Blockage of Cell IOFILLER_S_65 & Blockage of Cell IOFILLER_S_54  ( metal6 )
Bounds : ( 1259.220, 0.000 ) ( 1259.610, 139.280 )


OVERLAP: Blockage of Cell IOFILLER_S_65 & Blockage of Cell IOFILLER_S_54  ( metal5 )
Bounds : ( 1259.220, 0.000 ) ( 1259.610, 139.280 )


OVERLAP: Blockage of Cell IOFILLER_S_65 & Blockage of Cell IOFILLER_S_54  ( metal4 )
Bounds : ( 1259.220, 0.000 ) ( 1259.610, 139.280 )


OVERLAP: Blockage of Cell IOFILLER_S_65 & Blockage of Cell IOFILLER_S_54  ( metal3 )
Bounds : ( 1259.220, 0.000 ) ( 1259.610, 139.280 )


OVERLAP: Blockage of Cell IOFILLER_S_65 & Blockage of Cell IOFILLER_S_54  ( metal2 )
Bounds : ( 1259.220, 0.000 ) ( 1259.610, 139.280 )


OVERLAP: Blockage of Cell IOFILLER_S_65 & Blockage of Cell IOFILLER_S_54  ( metal1 )
Bounds : ( 1259.220, 0.000 ) ( 1259.610, 139.280 )


OVERLAP: Cell IOFILLER_S_50 & Cell IOFILLER_S_61
Bounds : ( 829.270, 0.000 ) ( 829.670, 140.120 )


OVERLAP: Cell IOFILLER_S_49 & Cell IOFILLER_S_60
Bounds : ( 721.790, 0.000 ) ( 722.190, 140.120 )


OVERLAP: Blockage of Cell IOFILLER_S_63 & Blockage of Cell IOFILLER_S_52  ( metal1 )
Bounds : ( 1044.240, 0.000 ) ( 1044.630, 139.280 )


OVERLAP: Blockage of Cell IOFILLER_S_63 & Blockage of Cell IOFILLER_S_52  ( metal2 )
Bounds : ( 1044.240, 0.000 ) ( 1044.630, 139.280 )


OVERLAP: Blockage of Cell IOFILLER_S_63 & Blockage of Cell IOFILLER_S_52  ( metal3 )
Bounds : ( 1044.240, 0.000 ) ( 1044.630, 139.280 )


OVERLAP: Blockage of Cell IOFILLER_S_63 & Blockage of Cell IOFILLER_S_52  ( metal4 )
Bounds : ( 1044.240, 0.000 ) ( 1044.630, 139.280 )


OVERLAP: Blockage of Cell IOFILLER_S_63 & Blockage of Cell IOFILLER_S_52  ( metal5 )
Bounds : ( 1044.240, 0.000 ) ( 1044.630, 139.280 )


OVERLAP: Blockage of Cell IOFILLER_S_63 & Blockage of Cell IOFILLER_S_52  ( metal6 )
Bounds : ( 1044.240, 0.000 ) ( 1044.630, 139.280 )


OVERLAP: Blockage of Cell IOFILLER_S_62 & Blockage of Cell IOFILLER_S_51  ( metal1 )
Bounds : ( 936.750, 0.000 ) ( 937.150, 139.280 )


OVERLAP: Blockage of Cell IOFILLER_S_62 & Blockage of Cell IOFILLER_S_51  ( metal2 )
Bounds : ( 936.750, 0.000 ) ( 937.150, 139.280 )


OVERLAP: Blockage of Cell IOFILLER_S_62 & Blockage of Cell IOFILLER_S_51  ( metal3 )
Bounds : ( 936.750, 0.000 ) ( 937.150, 139.280 )


OVERLAP: Blockage of Cell IOFILLER_S_62 & Blockage of Cell IOFILLER_S_51  ( metal4 )
Bounds : ( 936.750, 0.000 ) ( 937.150, 139.280 )


OVERLAP: Blockage of Cell IOFILLER_S_62 & Blockage of Cell IOFILLER_S_51  ( metal5 )
Bounds : ( 936.750, 0.000 ) ( 937.150, 139.280 )


OVERLAP: Blockage of Cell IOFILLER_S_62 & Blockage of Cell IOFILLER_S_51  ( metal6 )
Bounds : ( 936.750, 0.000 ) ( 937.150, 139.280 )


OVERLAP: Cell IOFILLER_S_51 & Cell IOFILLER_S_62
Bounds : ( 936.750, 0.000 ) ( 937.150, 140.120 )


OVERLAP: Cell IOFILLER_S_52 & Cell IOFILLER_S_63
Bounds : ( 1044.240, 0.000 ) ( 1044.630, 140.120 )


OVERLAP: Blockage of Cell IOFILLER_S_60 & Blockage of Cell IOFILLER_S_49  ( metal6 )
Bounds : ( 721.790, 0.000 ) ( 722.190, 139.280 )


OVERLAP: Blockage of Cell IOFILLER_S_60 & Blockage of Cell IOFILLER_S_49  ( metal5 )
Bounds : ( 721.790, 0.000 ) ( 722.190, 139.280 )


OVERLAP: Blockage of Cell IOFILLER_S_60 & Blockage of Cell IOFILLER_S_49  ( metal4 )
Bounds : ( 721.790, 0.000 ) ( 722.190, 139.280 )


OVERLAP: Blockage of Cell IOFILLER_S_60 & Blockage of Cell IOFILLER_S_49  ( metal3 )
Bounds : ( 721.790, 0.000 ) ( 722.190, 139.280 )


OVERLAP: Blockage of Cell IOFILLER_S_60 & Blockage of Cell IOFILLER_S_49  ( metal2 )
Bounds : ( 721.790, 0.000 ) ( 722.190, 139.280 )


OVERLAP: Blockage of Cell IOFILLER_S_60 & Blockage of Cell IOFILLER_S_49  ( metal1 )
Bounds : ( 721.790, 0.000 ) ( 722.190, 139.280 )


OVERLAP: Blockage of Cell IOFILLER_S_61 & Blockage of Cell IOFILLER_S_50  ( metal6 )
Bounds : ( 829.270, 0.000 ) ( 829.670, 139.280 )


OVERLAP: Blockage of Cell IOFILLER_S_61 & Blockage of Cell IOFILLER_S_50  ( metal5 )
Bounds : ( 829.270, 0.000 ) ( 829.670, 139.280 )


OVERLAP: Blockage of Cell IOFILLER_S_61 & Blockage of Cell IOFILLER_S_50  ( metal4 )
Bounds : ( 829.270, 0.000 ) ( 829.670, 139.280 )


OVERLAP: Blockage of Cell IOFILLER_S_61 & Blockage of Cell IOFILLER_S_50  ( metal3 )
Bounds : ( 829.270, 0.000 ) ( 829.670, 139.280 )


OVERLAP: Blockage of Cell IOFILLER_S_61 & Blockage of Cell IOFILLER_S_50  ( metal2 )
Bounds : ( 829.270, 0.000 ) ( 829.670, 139.280 )


OVERLAP: Blockage of Cell IOFILLER_S_61 & Blockage of Cell IOFILLER_S_50  ( metal1 )
Bounds : ( 829.270, 0.000 ) ( 829.670, 139.280 )


OVERLAP: Blockage of Cell IOFILLER_W_49 & Blockage of Cell IOFILLER_W_48  ( metal4 )
Bounds : ( 0.000, 414.720 ) ( 139.280, 415.200 )


OVERLAP: Blockage of Cell IOFILLER_W_49 & Blockage of Cell IOFILLER_W_48  ( metal6 )
Bounds : ( 0.000, 414.720 ) ( 139.280, 415.200 )


OVERLAP: Cell IOFILLER_W_48 & Cell IOFILLER_W_49
Bounds : ( 0.000, 414.720 ) ( 140.120, 415.200 )


OVERLAP: Blockage of Cell IOFILLER_W_54 & Blockage of Cell IOFILLER_W_55  ( metal1 )
Bounds : ( 0.000, 668.070 ) ( 139.280, 668.560 )


OVERLAP: Blockage of Cell IOFILLER_W_54 & Blockage of Cell IOFILLER_W_55  ( metal2 )
Bounds : ( 0.000, 668.070 ) ( 139.280, 668.560 )


OVERLAP: Blockage of Cell IOFILLER_W_54 & Blockage of Cell IOFILLER_W_55  ( metal3 )
Bounds : ( 0.000, 668.070 ) ( 139.280, 668.560 )


OVERLAP: Blockage of Cell IOFILLER_W_54 & Blockage of Cell IOFILLER_W_55  ( metal4 )
Bounds : ( 0.000, 668.070 ) ( 139.280, 668.560 )


OVERLAP: Blockage of Cell IOFILLER_W_54 & Blockage of Cell IOFILLER_W_55  ( metal5 )
Bounds : ( 0.000, 668.070 ) ( 139.280, 668.560 )


OVERLAP: Blockage of Cell IOFILLER_W_54 & Blockage of Cell IOFILLER_W_55  ( metal6 )
Bounds : ( 0.000, 668.070 ) ( 139.280, 668.560 )


OVERLAP: Blockage of Cell IOFILLER_W_53 & Blockage of Cell IOFILLER_W_52  ( metal1 )
Bounds : ( 0.000, 583.620 ) ( 139.280, 584.110 )


OVERLAP: Blockage of Cell IOFILLER_W_53 & Blockage of Cell IOFILLER_W_52  ( metal2 )
Bounds : ( 0.000, 583.620 ) ( 139.280, 584.110 )


OVERLAP: Blockage of Cell IOFILLER_W_53 & Blockage of Cell IOFILLER_W_52  ( metal3 )
Bounds : ( 0.000, 583.620 ) ( 139.280, 584.110 )


OVERLAP: Blockage of Cell IOFILLER_W_53 & Blockage of Cell IOFILLER_W_52  ( metal4 )
Bounds : ( 0.000, 583.620 ) ( 139.280, 584.110 )


OVERLAP: Blockage of Cell IOFILLER_W_53 & Blockage of Cell IOFILLER_W_52  ( metal5 )
Bounds : ( 0.000, 583.620 ) ( 139.280, 584.110 )


OVERLAP: Blockage of Cell IOFILLER_W_53 & Blockage of Cell IOFILLER_W_52  ( metal6 )
Bounds : ( 0.000, 583.620 ) ( 139.280, 584.110 )


OVERLAP: Cell IOFILLER_W_52 & Cell IOFILLER_W_53
Bounds : ( 0.000, 583.620 ) ( 140.120, 584.110 )


OVERLAP: Cell IOFILLER_W_55 & Cell IOFILLER_W_54
Bounds : ( 0.000, 668.070 ) ( 140.120, 668.560 )


OVERLAP: Blockage of Cell IOFILLER_W_49 & Blockage of Cell IOFILLER_W_48  ( metal5 )
Bounds : ( 0.000, 414.720 ) ( 139.280, 415.200 )


OVERLAP: Blockage of Cell IOFILLER_W_49 & Blockage of Cell IOFILLER_W_48  ( metal3 )
Bounds : ( 0.000, 414.720 ) ( 139.280, 415.200 )


OVERLAP: Blockage of Cell IOFILLER_W_49 & Blockage of Cell IOFILLER_W_48  ( metal2 )
Bounds : ( 0.000, 414.720 ) ( 139.280, 415.200 )


OVERLAP: Blockage of Cell IOFILLER_W_49 & Blockage of Cell IOFILLER_W_48  ( metal1 )
Bounds : ( 0.000, 414.720 ) ( 139.280, 415.200 )


OVERLAP: Cell IOFILLER_W_50 & Cell IOFILLER_W_51
Bounds : ( 0.000, 499.170 ) ( 140.120, 499.660 )


OVERLAP: Blockage of Cell IOFILLER_W_51 & Blockage of Cell IOFILLER_W_50  ( metal6 )
Bounds : ( 0.000, 499.170 ) ( 139.280, 499.660 )


OVERLAP: Blockage of Cell IOFILLER_W_51 & Blockage of Cell IOFILLER_W_50  ( metal5 )
Bounds : ( 0.000, 499.170 ) ( 139.280, 499.660 )


OVERLAP: Blockage of Cell IOFILLER_W_51 & Blockage of Cell IOFILLER_W_50  ( metal4 )
Bounds : ( 0.000, 499.170 ) ( 139.280, 499.660 )


OVERLAP: Blockage of Cell IOFILLER_W_51 & Blockage of Cell IOFILLER_W_50  ( metal3 )
Bounds : ( 0.000, 499.170 ) ( 139.280, 499.660 )


OVERLAP: Blockage of Cell IOFILLER_W_51 & Blockage of Cell IOFILLER_W_50  ( metal2 )
Bounds : ( 0.000, 499.170 ) ( 139.280, 499.660 )


OVERLAP: Blockage of Cell IOFILLER_W_51 & Blockage of Cell IOFILLER_W_50  ( metal1 )
Bounds : ( 0.000, 499.170 ) ( 139.280, 499.660 )


OVERLAP: Blockage of Cell IOFILLER_S_58 & Blockage of Cell IOFILLER_S_47  ( metal6 )
Bounds : ( 506.830, 0.000 ) ( 507.230, 139.280 )


OVERLAP: Blockage of Cell IOFILLER_S_57 & Blockage of Cell IOFILLER_S_46  ( metal1 )
Bounds : ( 399.350, 0.000 ) ( 399.740, 139.280 )


OVERLAP: Blockage of Cell IOFILLER_S_57 & Blockage of Cell IOFILLER_S_46  ( metal2 )
Bounds : ( 399.350, 0.000 ) ( 399.740, 139.280 )


OVERLAP: Blockage of Cell IOFILLER_S_57 & Blockage of Cell IOFILLER_S_46  ( metal3 )
Bounds : ( 399.350, 0.000 ) ( 399.740, 139.280 )


OVERLAP: Blockage of Cell IOFILLER_S_57 & Blockage of Cell IOFILLER_S_46  ( metal4 )
Bounds : ( 399.350, 0.000 ) ( 399.740, 139.280 )


OVERLAP: Blockage of Cell IOFILLER_S_57 & Blockage of Cell IOFILLER_S_46  ( metal5 )
Bounds : ( 399.350, 0.000 ) ( 399.740, 139.280 )


OVERLAP: Blockage of Cell IOFILLER_S_57 & Blockage of Cell IOFILLER_S_46  ( metal6 )
Bounds : ( 399.350, 0.000 ) ( 399.740, 139.280 )


OVERLAP: Cell IOFILLER_S_46 & Cell IOFILLER_S_57
Bounds : ( 399.350, 0.000 ) ( 399.740, 140.120 )


OVERLAP: Cell IOFILLER_S_47 & Cell IOFILLER_S_58
Bounds : ( 506.830, 0.000 ) ( 507.230, 140.120 )


OVERLAP: Cell IOFILLER_S_59 & Cell IOFILLER_S_48
Bounds : ( 614.310, 0.000 ) ( 614.710, 140.120 )


OVERLAP: Blockage of Cell IOFILLER_S_48 & Blockage of Cell IOFILLER_S_59  ( metal6 )
Bounds : ( 614.310, 0.000 ) ( 614.710, 139.280 )


OVERLAP: Blockage of Cell IOFILLER_S_48 & Blockage of Cell IOFILLER_S_59  ( metal5 )
Bounds : ( 614.310, 0.000 ) ( 614.710, 139.280 )


OVERLAP: Blockage of Cell IOFILLER_S_48 & Blockage of Cell IOFILLER_S_59  ( metal4 )
Bounds : ( 614.310, 0.000 ) ( 614.710, 139.280 )


OVERLAP: Blockage of Cell IOFILLER_S_48 & Blockage of Cell IOFILLER_S_59  ( metal3 )
Bounds : ( 614.310, 0.000 ) ( 614.710, 139.280 )


OVERLAP: Blockage of Cell IOFILLER_S_48 & Blockage of Cell IOFILLER_S_59  ( metal2 )
Bounds : ( 614.310, 0.000 ) ( 614.710, 139.280 )


OVERLAP: Blockage of Cell IOFILLER_S_48 & Blockage of Cell IOFILLER_S_59  ( metal1 )
Bounds : ( 614.310, 0.000 ) ( 614.710, 139.280 )


OVERLAP: Blockage of Cell IOFILLER_S_58 & Blockage of Cell IOFILLER_S_47  ( metal5 )
Bounds : ( 506.830, 0.000 ) ( 507.230, 139.280 )


OVERLAP: Blockage of Cell IOFILLER_S_58 & Blockage of Cell IOFILLER_S_47  ( metal4 )
Bounds : ( 506.830, 0.000 ) ( 507.230, 139.280 )


OVERLAP: Blockage of Cell IOFILLER_S_58 & Blockage of Cell IOFILLER_S_47  ( metal3 )
Bounds : ( 506.830, 0.000 ) ( 507.230, 139.280 )


OVERLAP: Blockage of Cell IOFILLER_S_58 & Blockage of Cell IOFILLER_S_47  ( metal2 )
Bounds : ( 506.830, 0.000 ) ( 507.230, 139.280 )


OVERLAP: Blockage of Cell IOFILLER_S_58 & Blockage of Cell IOFILLER_S_47  ( metal1 )
Bounds : ( 506.830, 0.000 ) ( 507.230, 139.280 )


OVERLAP: Blockage of Cell IOFILLER_W_45 & Blockage of Cell IOFILLER_W_44  ( metal1 )
Bounds : ( 0.000, 245.800 ) ( 139.280, 246.280 )


OVERLAP: Blockage of Cell IOFILLER_W_45 & Blockage of Cell IOFILLER_W_44  ( metal2 )
Bounds : ( 0.000, 245.800 ) ( 139.280, 246.280 )


OVERLAP: Blockage of Cell IOFILLER_W_45 & Blockage of Cell IOFILLER_W_44  ( metal3 )
Bounds : ( 0.000, 245.800 ) ( 139.280, 246.280 )


OVERLAP: Blockage of Cell IOFILLER_W_45 & Blockage of Cell IOFILLER_W_44  ( metal4 )
Bounds : ( 0.000, 245.800 ) ( 139.280, 246.280 )


OVERLAP: Blockage of Cell IOFILLER_W_45 & Blockage of Cell IOFILLER_W_44  ( metal5 )
Bounds : ( 0.000, 245.800 ) ( 139.280, 246.280 )


OVERLAP: Blockage of Cell IOFILLER_W_45 & Blockage of Cell IOFILLER_W_44  ( metal6 )
Bounds : ( 0.000, 245.800 ) ( 139.280, 246.280 )


OVERLAP: Cell IOFILLER_W_44 & Cell IOFILLER_W_45
Bounds : ( 0.000, 245.800 ) ( 140.120, 246.280 )


OVERLAP: Blockage of Cell IOFILLER_W_47 & Blockage of Cell IOFILLER_W_46  ( metal1 )
Bounds : ( 0.000, 330.260 ) ( 139.280, 330.740 )


OVERLAP: Blockage of Cell IOFILLER_W_47 & Blockage of Cell IOFILLER_W_46  ( metal2 )
Bounds : ( 0.000, 330.260 ) ( 139.280, 330.740 )


OVERLAP: Blockage of Cell IOFILLER_W_47 & Blockage of Cell IOFILLER_W_46  ( metal3 )
Bounds : ( 0.000, 330.260 ) ( 139.280, 330.740 )


OVERLAP: Blockage of Cell IOFILLER_W_47 & Blockage of Cell IOFILLER_W_46  ( metal4 )
Bounds : ( 0.000, 330.260 ) ( 139.280, 330.740 )


OVERLAP: Blockage of Cell IOFILLER_W_47 & Blockage of Cell IOFILLER_W_46  ( metal5 )
Bounds : ( 0.000, 330.260 ) ( 139.280, 330.740 )


OVERLAP: Blockage of Cell IOFILLER_W_47 & Blockage of Cell IOFILLER_W_46  ( metal6 )
Bounds : ( 0.000, 330.260 ) ( 139.280, 330.740 )


OVERLAP: Cell IOFILLER_W_46 & Cell IOFILLER_W_47
Bounds : ( 0.000, 330.260 ) ( 140.120, 330.740 )


OVERLAP: Blockage of Cell IOFILLER_S_55 & Blockage of Cell IOFILLER_S_44  ( metal6 )
Bounds : ( 184.370, 0.000 ) ( 184.760, 139.280 )


OVERLAP: Blockage of Cell IOFILLER_W_43 & Blockage of Cell IOFILLER_W_42  ( metal1 )
Bounds : ( 0.000, 161.340 ) ( 139.280, 161.820 )


OVERLAP: Blockage of Cell IOFILLER_W_43 & Blockage of Cell IOFILLER_W_42  ( metal2 )
Bounds : ( 0.000, 161.340 ) ( 139.280, 161.820 )


OVERLAP: Blockage of Cell IOFILLER_W_43 & Blockage of Cell IOFILLER_W_42  ( metal3 )
Bounds : ( 0.000, 161.340 ) ( 139.280, 161.820 )


OVERLAP: Blockage of Cell IOFILLER_W_43 & Blockage of Cell IOFILLER_W_42  ( metal4 )
Bounds : ( 0.000, 161.340 ) ( 139.280, 161.820 )


OVERLAP: Blockage of Cell IOFILLER_W_43 & Blockage of Cell IOFILLER_W_42  ( metal5 )
Bounds : ( 0.000, 161.340 ) ( 139.280, 161.820 )


OVERLAP: Blockage of Cell IOFILLER_W_43 & Blockage of Cell IOFILLER_W_42  ( metal6 )
Bounds : ( 0.000, 161.340 ) ( 139.280, 161.820 )


OVERLAP: Cell IOFILLER_W_42 & Cell IOFILLER_W_43
Bounds : ( 0.000, 161.340 ) ( 140.120, 161.820 )


OVERLAP: Cell IOFILLER_S_44 & Cell IOFILLER_S_55
Bounds : ( 184.370, 0.000 ) ( 184.760, 140.120 )


OVERLAP: Cell IOFILLER_S_45 & Cell IOFILLER_S_56
Bounds : ( 291.860, 0.000 ) ( 292.250, 140.120 )


OVERLAP: Blockage of Cell IOFILLER_S_56 & Blockage of Cell IOFILLER_S_45  ( metal6 )
Bounds : ( 291.860, 0.000 ) ( 292.250, 139.280 )


OVERLAP: Blockage of Cell IOFILLER_S_56 & Blockage of Cell IOFILLER_S_45  ( metal5 )
Bounds : ( 291.860, 0.000 ) ( 292.250, 139.280 )


OVERLAP: Blockage of Cell IOFILLER_S_56 & Blockage of Cell IOFILLER_S_45  ( metal4 )
Bounds : ( 291.860, 0.000 ) ( 292.250, 139.280 )


OVERLAP: Blockage of Cell IOFILLER_S_56 & Blockage of Cell IOFILLER_S_45  ( metal3 )
Bounds : ( 291.860, 0.000 ) ( 292.250, 139.280 )


OVERLAP: Blockage of Cell IOFILLER_S_56 & Blockage of Cell IOFILLER_S_45  ( metal2 )
Bounds : ( 291.860, 0.000 ) ( 292.250, 139.280 )


OVERLAP: Blockage of Cell IOFILLER_S_56 & Blockage of Cell IOFILLER_S_45  ( metal1 )
Bounds : ( 291.860, 0.000 ) ( 292.250, 139.280 )


OVERLAP: Blockage of Cell IOFILLER_S_55 & Blockage of Cell IOFILLER_S_44  ( metal5 )
Bounds : ( 184.370, 0.000 ) ( 184.760, 139.280 )


OVERLAP: Blockage of Cell IOFILLER_S_55 & Blockage of Cell IOFILLER_S_44  ( metal4 )
Bounds : ( 184.370, 0.000 ) ( 184.760, 139.280 )


OVERLAP: Blockage of Cell IOFILLER_S_55 & Blockage of Cell IOFILLER_S_44  ( metal3 )
Bounds : ( 184.370, 0.000 ) ( 184.760, 139.280 )


OVERLAP: Blockage of Cell IOFILLER_S_55 & Blockage of Cell IOFILLER_S_44  ( metal2 )
Bounds : ( 184.370, 0.000 ) ( 184.760, 139.280 )


OVERLAP: Blockage of Cell IOFILLER_S_55 & Blockage of Cell IOFILLER_S_44  ( metal1 )
Bounds : ( 184.370, 0.000 ) ( 184.760, 139.280 )



Begin Summary ...
  Cells       : 0
  SameNet     : 0
  Wiring      : 0
  Antenna     : 0
  Short       : 0
  Overlap     : 294
End Summary

  Total Violations : 294 Viols.
