###############################################################
#  Generated by:      Cadence Innovus 17.11-s080_1
#  OS:                Linux x86_64(Host ID cad21)
#  Generated on:      Thu May 18 22:27:58 2023
#  Design:            CPU
#  Command:           verify_drc
###############################################################

SPACING: ( ParallelRunLength Spacing ) Special Wire of Net VCC & Blockage of Cell ipad_CoreVDD1  ( metal6 )
Bounds : ( 606.100, 1132.560 ) ( 606.700, 1137.080 )


SPACING: ( ParallelRunLength Spacing ) Special Wire of Net VCC & Blockage of Cell ipad_CoreVDD1  ( metal6 )
Bounds : ( 588.460, 1137.080 ) ( 606.100, 1137.680 )


SPACING: ( ParallelRunLength Spacing ) Special Wire of Net VCC & Blockage of Cell ipad_CoreVDD1  ( metal6 )
Bounds : ( 587.860, 1132.560 ) ( 588.460, 1137.080 )


SPACING: ( ParallelRunLength Spacing ) Special Wire of Net VCC & Blockage of Cell ipad_CoreVDD1  ( metal6 )
Bounds : ( 586.460, 1132.560 ) ( 587.060, 1137.080 )


SPACING: ( ParallelRunLength Spacing ) Special Wire of Net VCC & Blockage of Cell ipad_CoreVDD1  ( metal6 )
Bounds : ( 568.820, 1137.080 ) ( 586.460, 1137.680 )


SPACING: ( ParallelRunLength Spacing ) Special Wire of Net VCC & Blockage of Cell ipad_CoreVDD1  ( metal6 )
Bounds : ( 568.220, 1132.560 ) ( 568.820, 1137.080 )


SPACING: ( ParallelRunLength Spacing ) Special Wire of Net GND & Special Wire of Net VCC  ( metal3 )
Bounds : ( 689.690, 1116.980 ) ( 707.590, 1117.260 )


SPACING: ( ParallelRunLength Spacing ) Special Wire of Net GND & Special Wire of Net VCC  ( metal3 )
Bounds : ( 669.690, 1116.980 ) ( 687.690, 1117.260 )


SPACING: ( ParallelRunLength Spacing ) Special Wire of Net GND & Special Wire of Net VCC  ( metal3 )
Bounds : ( 649.790, 1116.980 ) ( 667.690, 1117.260 )


SPACING: ( ParallelRunLength Spacing ) Special Wire of Net VCC & Blockage of Cell ipad_CoreVDD1  ( metal6 )
Bounds : ( 607.500, 1132.560 ) ( 608.100, 1137.080 )


SPACING: ( ParallelRunLength Spacing ) Special Wire of Net VCC & Blockage of Cell ipad_CoreVDD1  ( metal6 )
Bounds : ( 608.100, 1137.080 ) ( 625.740, 1137.680 )


SPACING: ( ParallelRunLength Spacing ) Special Wire of Net VCC & Blockage of Cell ipad_CoreVDD1  ( metal6 )
Bounds : ( 625.740, 1132.560 ) ( 626.340, 1137.080 )


SPACING: ( ParallelRunLength Spacing ) Special Wire of Net GND & Blockage of Cell ipad_CoreVSS1  ( metal6 )
Bounds : ( 649.190, 1132.560 ) ( 649.790, 1137.080 )


SPACING: ( ParallelRunLength Spacing ) Special Wire of Net GND & Blockage of Cell ipad_CoreVSS1  ( metal6 )
Bounds : ( 649.630, 1137.080 ) ( 649.790, 1137.680 )


SPACING: ( ParallelRunLength Spacing ) Special Wire of Net GND & Blockage of Cell ipad_CoreVSS1  ( metal6 )
Bounds : ( 649.790, 1137.080 ) ( 667.690, 1137.680 )


SPACING: ( ParallelRunLength Spacing ) Special Wire of Net GND & Blockage of Cell ipad_CoreVSS1  ( metal6 )
Bounds : ( 667.690, 1132.560 ) ( 668.290, 1137.080 )


SPACING: ( ParallelRunLength Spacing ) Special Wire of Net GND & Blockage of Cell ipad_CoreVSS1  ( metal6 )
Bounds : ( 669.090, 1132.560 ) ( 669.690, 1137.080 )


SPACING: ( ParallelRunLength Spacing ) Special Wire of Net GND & Blockage of Cell ipad_CoreVSS1  ( metal6 )
Bounds : ( 669.690, 1137.080 ) ( 687.690, 1137.680 )


SPACING: ( ParallelRunLength Spacing ) Special Wire of Net GND & Blockage of Cell ipad_CoreVSS1  ( metal6 )
Bounds : ( 687.690, 1132.560 ) ( 688.290, 1137.080 )


SPACING: ( ParallelRunLength Spacing ) Special Wire of Net GND & Blockage of Cell ipad_CoreVSS1  ( metal6 )
Bounds : ( 689.090, 1132.560 ) ( 689.690, 1137.080 )


SPACING: ( ParallelRunLength Spacing ) Special Wire of Net GND & Blockage of Cell ipad_CoreVSS1  ( metal6 )
Bounds : ( 689.690, 1137.080 ) ( 707.590, 1137.680 )


SPACING: ( ParallelRunLength Spacing ) Special Wire of Net GND & Blockage of Cell IOFILLER_N_7  ( metal6 )
Bounds : ( 707.590, 1132.560 ) ( 708.190, 1137.080 )


SPACING: ( ParallelRunLength Spacing ) Special Wire of Net GND & Blockage of Cell IOFILLER_N_7  ( metal6 )
Bounds : ( 707.590, 1137.080 ) ( 707.750, 1137.680 )


SPACING: ( ParallelRunLength Spacing ) Special Wire of Net VCC & Blockage of Cell IOFILLER_S_18  ( metal6 )
Bounds : ( 714.550, 135.360 ) ( 715.150, 139.880 )


SPACING: ( ParallelRunLength Spacing ) Special Wire of Net VCC & Blockage of Cell ipad_CoreVDD2  ( metal6 )
Bounds : ( 696.910, 134.760 ) ( 714.550, 135.360 )


SPACING: ( ParallelRunLength Spacing ) Special Wire of Net VCC & Blockage of Cell ipad_CoreVDD2  ( metal6 )
Bounds : ( 696.310, 135.360 ) ( 696.910, 139.880 )


SPACING: ( ParallelRunLength Spacing ) Special Wire of Net VCC & Blockage of Cell ipad_CoreVDD2  ( metal6 )
Bounds : ( 694.910, 135.360 ) ( 695.510, 139.880 )


SPACING: ( ParallelRunLength Spacing ) Special Wire of Net VCC & Blockage of Cell ipad_CoreVDD2  ( metal6 )
Bounds : ( 677.270, 134.760 ) ( 694.910, 135.360 )


SPACING: ( ParallelRunLength Spacing ) Special Wire of Net VCC & Blockage of Cell ipad_CoreVDD2  ( metal6 )
Bounds : ( 676.670, 135.360 ) ( 677.270, 139.880 )


SPACING: ( ParallelRunLength Spacing ) Special Wire of Net VCC & Blockage of Cell ipad_CoreVDD2  ( metal6 )
Bounds : ( 675.270, 135.360 ) ( 675.870, 139.880 )


SPACING: ( ParallelRunLength Spacing ) Special Wire of Net VCC & Blockage of Cell ipad_CoreVDD2  ( metal6 )
Bounds : ( 657.630, 134.760 ) ( 675.270, 135.360 )


SPACING: ( ParallelRunLength Spacing ) Special Wire of Net VCC & Blockage of Cell ipad_CoreVDD2  ( metal6 )
Bounds : ( 657.030, 135.360 ) ( 657.630, 139.880 )


SPACING: ( ParallelRunLength Spacing ) Special Wire of Net GND & Blockage of Cell ipad_CoreVSS2  ( metal6 )
Bounds : ( 618.780, 135.360 ) ( 619.380, 139.880 )


SPACING: ( ParallelRunLength Spacing ) Special Wire of Net GND & Blockage of Cell ipad_CoreVSS2  ( metal6 )
Bounds : ( 618.780, 134.760 ) ( 618.940, 135.360 )


SPACING: ( ParallelRunLength Spacing ) Special Wire of Net GND & Blockage of Cell ipad_CoreVSS2  ( metal6 )
Bounds : ( 600.880, 134.760 ) ( 618.780, 135.360 )


SPACING: ( ParallelRunLength Spacing ) Special Wire of Net GND & Blockage of Cell ipad_CoreVSS2  ( metal6 )
Bounds : ( 600.280, 135.360 ) ( 600.880, 139.880 )


SPACING: ( ParallelRunLength Spacing ) Special Wire of Net GND & Blockage of Cell ipad_CoreVSS2  ( metal6 )
Bounds : ( 598.880, 135.360 ) ( 599.480, 139.880 )


SPACING: ( ParallelRunLength Spacing ) Special Wire of Net GND & Blockage of Cell ipad_CoreVSS2  ( metal6 )
Bounds : ( 580.880, 134.760 ) ( 598.880, 135.360 )


SPACING: ( ParallelRunLength Spacing ) Special Wire of Net GND & Blockage of Cell ipad_CoreVSS2  ( metal6 )
Bounds : ( 580.280, 135.360 ) ( 580.880, 139.880 )


SPACING: ( ParallelRunLength Spacing ) Special Wire of Net GND & Blockage of Cell ipad_CoreVSS2  ( metal6 )
Bounds : ( 578.880, 135.360 ) ( 579.480, 139.880 )


SPACING: ( ParallelRunLength Spacing ) Special Wire of Net GND & Blockage of Cell ipad_CoreVSS2  ( metal6 )
Bounds : ( 560.980, 134.760 ) ( 578.880, 135.360 )


SPACING: ( ParallelRunLength Spacing ) Special Wire of Net GND & Blockage of Cell ipad_CoreVSS2  ( metal6 )
Bounds : ( 560.820, 134.760 ) ( 560.980, 135.360 )


SPACING: ( ParallelRunLength Spacing ) Special Wire of Net GND & Blockage of Cell IOFILLER_S_59  ( metal6 )
Bounds : ( 560.380, 135.360 ) ( 560.980, 139.880 )


  Total Violations : 43 Viols.
